This is pdfTeX, Version 3.141592653-2.6-1.40.26 (MiKTeX 24.3.31) (preloaded format=pdflatex 2024.4.25)  26 APR 2024 13:57
entering extended mode
 restricted \write18 enabled.
 file:line:error style messages enabled.
 %&-line parsing enabled.
**"c:/Users/garri/OneDrive - Universitat Politècnica de Catalunya/Documents/GTIAE/TFG_eRoots/Codi/MVRSM_2_josep/MVRSM_2/Documentació/documentació_durant.tex"
(c:/Users/garri/OneDrive - Universitat Politècnica de Catalunya/Documents/GTIAE/TFG_eRoots/Codi/MVRSM_2_josep/MVRSM_2/Documentació/documentació_durant.tex
LaTeX2e <2023-11-01> patch level 1
L3 programming layer <2024-03-14>
(C:\Users\garri\AppData\Local\Programs\MiKTeX\tex/latex/base\article.cls
Document Class: article 2023/05/17 v1.4n Standard LaTeX document class
(C:\Users\garri\AppData\Local\Programs\MiKTeX\tex/latex/base\size10.clo
File: size10.clo 2023/05/17 v1.4n Standard LaTeX file (size option)
)
\c@part=\count188
\c@section=\count189
\c@subsection=\count190
\c@subsubsection=\count191
\c@paragraph=\count192
\c@subparagraph=\count193
\c@figure=\count194
\c@table=\count195
\abovecaptionskip=\skip48
\belowcaptionskip=\skip49
\bibindent=\dimen140
) (C:\Users\garri\AppData\Local\Programs\MiKTeX\tex/latex/graphics\graphicx.sty
Package: graphicx 2021/09/16 v1.2d Enhanced LaTeX Graphics (DPC,SPQR)
 (C:\Users\garri\AppData\Local\Programs\MiKTeX\tex/latex/graphics\keyval.sty
Package: keyval 2022/05/29 v1.15 key=value parser (DPC)
\KV@toks@=\toks17
) (C:\Users\garri\AppData\Local\Programs\MiKTeX\tex/latex/graphics\graphics.sty
Package: graphics 2022/03/10 v1.4e Standard LaTeX Graphics (DPC,SPQR)
 (C:\Users\garri\AppData\Local\Programs\MiKTeX\tex/latex/graphics\trig.sty
Package: trig 2021/08/11 v1.11 sin cos tan (DPC)
) (C:\Users\garri\AppData\Local\Programs\MiKTeX\tex/latex/graphics-cfg\graphics.cfg
File: graphics.cfg 2016/06/04 v1.11 sample graphics configuration
)
Package graphics Info: Driver file: pdftex.def on input line 107.
 (C:\Users\garri\AppData\Local\Programs\MiKTeX\tex/latex/graphics-def\pdftex.def
File: pdftex.def 2024/04/13 v1.2c Graphics/color driver for pdftex
))
\Gin@req@height=\dimen141
\Gin@req@width=\dimen142
) (C:\Users\garri\AppData\Local\Programs\MiKTeX\tex/latex/caption\subcaption.sty
Package: subcaption 2023/07/28 v1.6b Sub-captions (AR)
 (C:\Users\garri\AppData\Local\Programs\MiKTeX\tex/latex/caption\caption.sty
Package: caption 2023/08/05 v3.6o Customizing captions (AR)
 (C:\Users\garri\AppData\Local\Programs\MiKTeX\tex/latex/caption\caption3.sty
Package: caption3 2023/07/31 v2.4d caption3 kernel (AR)
\caption@tempdima=\dimen143
\captionmargin=\dimen144
\caption@leftmargin=\dimen145
\caption@rightmargin=\dimen146
\caption@width=\dimen147
\caption@indent=\dimen148
\caption@parindent=\dimen149
\caption@hangindent=\dimen150
Package caption Info: Standard document class detected.
)
\c@caption@flags=\count196
\c@continuedfloat=\count197
)
Package caption Info: New subtype `subfigure' on input line 238.
\c@subfigure=\count198
Package caption Info: New subtype `subtable' on input line 238.
\c@subtable=\count199
) (C:\Users\garri\AppData\Local\Programs\MiKTeX\tex/latex/amsmath\amsmath.sty
Package: amsmath 2023/05/13 v2.17o AMS math features
\@mathmargin=\skip50

For additional information on amsmath, use the `?' option.
(C:\Users\garri\AppData\Local\Programs\MiKTeX\tex/latex/amsmath\amstext.sty
Package: amstext 2021/08/26 v2.01 AMS text
 (C:\Users\garri\AppData\Local\Programs\MiKTeX\tex/latex/amsmath\amsgen.sty
File: amsgen.sty 1999/11/30 v2.0 generic functions
\@emptytoks=\toks18
\ex@=\dimen151
)) (C:\Users\garri\AppData\Local\Programs\MiKTeX\tex/latex/amsmath\amsbsy.sty
Package: amsbsy 1999/11/29 v1.2d Bold Symbols
\pmbraise@=\dimen152
) (C:\Users\garri\AppData\Local\Programs\MiKTeX\tex/latex/amsmath\amsopn.sty
Package: amsopn 2022/04/08 v2.04 operator names
)
\inf@bad=\count266
LaTeX Info: Redefining \frac on input line 234.
\uproot@=\count267
\leftroot@=\count268
LaTeX Info: Redefining \overline on input line 399.
LaTeX Info: Redefining \colon on input line 410.
\classnum@=\count269
\DOTSCASE@=\count270
LaTeX Info: Redefining \ldots on input line 496.
LaTeX Info: Redefining \dots on input line 499.
LaTeX Info: Redefining \cdots on input line 620.
\Mathstrutbox@=\box51
\strutbox@=\box52
LaTeX Info: Redefining \big on input line 722.
LaTeX Info: Redefining \Big on input line 723.
LaTeX Info: Redefining \bigg on input line 724.
LaTeX Info: Redefining \Bigg on input line 725.
\big@size=\dimen153
LaTeX Font Info:    Redeclaring font encoding OML on input line 743.
LaTeX Font Info:    Redeclaring font encoding OMS on input line 744.
\macc@depth=\count271
LaTeX Info: Redefining \bmod on input line 905.
LaTeX Info: Redefining \pmod on input line 910.
LaTeX Info: Redefining \smash on input line 940.
LaTeX Info: Redefining \relbar on input line 970.
LaTeX Info: Redefining \Relbar on input line 971.
\c@MaxMatrixCols=\count272
\dotsspace@=\muskip16
\c@parentequation=\count273
\dspbrk@lvl=\count274
\tag@help=\toks19
\row@=\count275
\column@=\count276
\maxfields@=\count277
\andhelp@=\toks20
\eqnshift@=\dimen154
\alignsep@=\dimen155
\tagshift@=\dimen156
\tagwidth@=\dimen157
\totwidth@=\dimen158
\lineht@=\dimen159
\@envbody=\toks21
\multlinegap=\skip51
\multlinetaggap=\skip52
\mathdisplay@stack=\toks22
LaTeX Info: Redefining \[ on input line 2953.
LaTeX Info: Redefining \] on input line 2954.
) (C:\Users\garri\AppData\Local\Programs\MiKTeX\tex/latex/l3backend\l3backend-pdftex.def
File: l3backend-pdftex.def 2024-03-14 L3 backend support: PDF output (pdfTeX)
\l__color_backend_stack_int=\count278
\l__pdf_internal_box=\box53
) (documentació_durant.aux

LaTeX Warning: Label `fig:binhkorn' multiply defined.


LaTeX Warning: Label `fig:binhkorn' multiply defined.


LaTeX Warning: Label `fig:binhkorn' multiply defined.


LaTeX Warning: Label `fig:binhkorn' multiply defined.


LaTeX Warning: Label `fig:binhkorn' multiply defined.


LaTeX Warning: Label `fig:binhkorn' multiply defined.


LaTeX Warning: Label `fig:random' multiply defined.

)
\openout1 = `documentació_durant.aux'.

LaTeX Font Info:    Checking defaults for OML/cmm/m/it on input line 9.
LaTeX Font Info:    ... okay on input line 9.
LaTeX Font Info:    Checking defaults for OMS/cmsy/m/n on input line 9.
LaTeX Font Info:    ... okay on input line 9.
LaTeX Font Info:    Checking defaults for OT1/cmr/m/n on input line 9.
LaTeX Font Info:    ... okay on input line 9.
LaTeX Font Info:    Checking defaults for T1/cmr/m/n on input line 9.
LaTeX Font Info:    ... okay on input line 9.
LaTeX Font Info:    Checking defaults for TS1/cmr/m/n on input line 9.
LaTeX Font Info:    ... okay on input line 9.
LaTeX Font Info:    Checking defaults for OMX/cmex/m/n on input line 9.
LaTeX Font Info:    ... okay on input line 9.
LaTeX Font Info:    Checking defaults for U/cmr/m/n on input line 9.
LaTeX Font Info:    ... okay on input line 9.
 (C:\Users\garri\AppData\Local\Programs\MiKTeX\tex/context/base/mkii\supp-pdf.mkii
[Loading MPS to PDF converter (version 2006.09.02).]
\scratchcounter=\count279
\scratchdimen=\dimen160
\scratchbox=\box54
\nofMPsegments=\count280
\nofMParguments=\count281
\everyMPshowfont=\toks23
\MPscratchCnt=\count282
\MPscratchDim=\dimen161
\MPnumerator=\count283
\makeMPintoPDFobject=\count284
\everyMPtoPDFconversion=\toks24
) (C:\Users\garri\AppData\Local\Programs\MiKTeX\tex/latex/epstopdf-pkg\epstopdf-base.sty
Package: epstopdf-base 2020-01-24 v2.11 Base part for package epstopdf
 (C:\Users\garri\AppData\Local\Programs\MiKTeX\tex/generic/infwarerr\infwarerr.sty
Package: infwarerr 2019/12/03 v1.5 Providing info/warning/error messages (HO)
) (C:\Users\garri\AppData\Local\Programs\MiKTeX\tex/latex/grfext\grfext.sty
Package: grfext 2019/12/03 v1.3 Manage graphics extensions (HO)
 (C:\Users\garri\AppData\Local\Programs\MiKTeX\tex/generic/kvdefinekeys\kvdefinekeys.sty
Package: kvdefinekeys 2019-12-19 v1.6 Define keys (HO)
)) (C:\Users\garri\AppData\Local\Programs\MiKTeX\tex/latex/kvoptions\kvoptions.sty
Package: kvoptions 2022-06-15 v3.15 Key value format for package options (HO)
 (C:\Users\garri\AppData\Local\Programs\MiKTeX\tex/generic/ltxcmds\ltxcmds.sty
Package: ltxcmds 2023-12-04 v1.26 LaTeX kernel commands for general use (HO)
) (C:\Users\garri\AppData\Local\Programs\MiKTeX\tex/latex/kvsetkeys\kvsetkeys.sty
Package: kvsetkeys 2022-10-05 v1.19 Key value parser (HO)
)) (C:\Users\garri\AppData\Local\Programs\MiKTeX\tex/generic/pdftexcmds\pdftexcmds.sty
Package: pdftexcmds 2020-06-27 v0.33 Utility functions of pdfTeX for LuaTeX (HO)
 (C:\Users\garri\AppData\Local\Programs\MiKTeX\tex/generic/iftex\iftex.sty
Package: iftex 2022/02/03 v1.0f TeX engine tests
)
Package pdftexcmds Info: \pdf@primitive is available.
Package pdftexcmds Info: \pdf@ifprimitive is available.
Package pdftexcmds Info: \pdfdraftmode found.
)
Package epstopdf-base Info: Redefining graphics rule for `.eps' on input line 485.
Package grfext Info: Graphics extension search list:
(grfext)             [.pdf,.png,.jpg,.mps,.jpeg,.jbig2,.jb2,.PDF,.PNG,.JPG,.JPEG,.JBIG2,.JB2,.eps]
(grfext)             \AppendGraphicsExtensions on input line 504.
 (C:\Users\garri\AppData\Local\Programs\MiKTeX\tex/latex/00miktex\epstopdf-sys.cfg
File: epstopdf-sys.cfg 2021/03/18 v2.0 Configuration of epstopdf for MiKTeX
))
Package caption Info: Begin \AtBeginDocument code.
Package caption Info: End \AtBeginDocument code.
<imatges/binhorn_propi.png, id=1, 578.16pt x 433.62pt>
File: imatges/binhorn_propi.png Graphic file (type png)
<use imatges/binhorn_propi.png>
Package pdftex.def Info: imatges/binhorn_propi.png  used on input line 20.
(pdftex.def)             Requested size: 379.5021pt x 284.62198pt.

Overfull \hbox (34.5021pt too wide) in paragraph at lines 20--21
 [][] 
 []


Underfull \hbox (badness 10000) in paragraph at lines 15--24

 []


LaTeX Warning: `h' float specifier changed to `ht'.


Underfull \hbox (badness 10000) in paragraph at lines 47--49

 []

[1

{C:/Users/garri/AppData/Local/MiKTeX/fonts/map/pdftex/pdftex.map}]
Underfull \hbox (badness 10000) in paragraph at lines 56--57

 []


Underfull \hbox (badness 10000) in paragraph at lines 56--57

 []


Overfull \hbox (98.34157pt too wide) detected at line 64
\OT1/cmr/bx/n/10 Y \OT1/cmr/m/n/10 = []
 []

[2 <./imatges/binhorn_propi.png>]
Underfull \hbox (badness 10000) in paragraph at lines 64--65

 []


Underfull \hbox (badness 10000) in paragraph at lines 78--80

 []

[3]
<imatges/evolucio_iter.png, id=28, 462.528pt x 346.896pt>
File: imatges/evolucio_iter.png Graphic file (type png)
<use imatges/evolucio_iter.png>
Package pdftex.def Info: imatges/evolucio_iter.png  used on input line 97.
(pdftex.def)             Requested size: 207.0021pt x 155.25484pt.

Underfull \hbox (badness 10000) in paragraph at lines 92--101

 []


Underfull \hbox (badness 10000) in paragraph at lines 102--103

 []

[4 <./imatges/evolucio_iter.png>]
<imatges/costos_reacnoestanbe.png, id=33, 462.528pt x 346.896pt>
File: imatges/costos_reacnoestanbe.png Graphic file (type png)
<use imatges/costos_reacnoestanbe.png>
Package pdftex.def Info: imatges/costos_reacnoestanbe.png  used on input line 108.
(pdftex.def)             Requested size: 276.00105pt x 207.01175pt.
<imatges/1react.png, id=34, 462.528pt x 346.896pt>
File: imatges/1react.png Graphic file (type png)
<use imatges/1react.png>
Package pdftex.def Info: imatges/1react.png  used on input line 115.
(pdftex.def)             Requested size: 175.9481pt x 131.95946pt.
 [5 <./imatges/costos_reacnoestanbe.png> <./imatges/1react.png>]
<imatges/pareto_discret.png, id=40, 510.9489pt x 346.896pt>
File: imatges/pareto_discret.png Graphic file (type png)
<use imatges/pareto_discret.png>
Package pdftex.def Info: imatges/pareto_discret.png  used on input line 123.
(pdftex.def)             Requested size: 276.00105pt x 187.38455pt.

Underfull \hbox (badness 10000) in paragraph at lines 127--128

 []

<imatges/react1i2.png, id=41, 462.528pt x 346.896pt>
File: imatges/react1i2.png Graphic file (type png)
<use imatges/react1i2.png>
Package pdftex.def Info: imatges/react1i2.png  used on input line 132.
(pdftex.def)             Requested size: 207.0021pt x 155.25484pt.
[6 <./imatges/pareto_discret.png> <./imatges/react1i2.png>]
<imatges/paretofront.png, id=47, 462.528pt x 346.896pt>
File: imatges/paretofront.png Graphic file (type png)
<use imatges/paretofront.png>
Package pdftex.def Info: imatges/paretofront.png  used on input line 140.
(pdftex.def)             Requested size: 207.0021pt x 155.25484pt.
<imatges/superposat.png, id=48, 462.528pt x 346.896pt>
File: imatges/superposat.png Graphic file (type png)
<use imatges/superposat.png>
Package pdftex.def Info: imatges/superposat.png  used on input line 147.
(pdftex.def)             Requested size: 207.0021pt x 155.25484pt.
<imatges/pareto_volcontinu.png, id=49, 1387.584pt x 704.6325pt>
File: imatges/pareto_volcontinu.png Graphic file (type png)
<use imatges/pareto_volcontinu.png>
Package pdftex.def Info: imatges/pareto_volcontinu.png  used on input line 155.
(pdftex.def)             Requested size: 413.99895pt x 210.23018pt.

Overfull \hbox (68.99895pt too wide) in paragraph at lines 155--156
 [][] 
 []

[7 <./imatges/paretofront.png> <./imatges/superposat.png>] [8 <./imatges/pareto_volcontinu.png>]
<imatges/p2_l80.png, id=60, 683.6742pt x 480.5955pt>
File: imatges/p2_l80.png Graphic file (type png)
<use imatges/p2_l80.png>
Package pdftex.def Info: imatges/p2_l80.png  used on input line 185.
(pdftex.def)             Requested size: 103.50105pt x 72.75354pt.
<imatges/p2_l100.png, id=61, 578.16pt x 433.62pt>
File: imatges/p2_l100.png Graphic file (type png)
<use imatges/p2_l100.png>
Package pdftex.def Info: imatges/p2_l100.png  used on input line 186.
(pdftex.def)             Requested size: 103.50105pt x 77.62477pt.
<imatges/p2_l150.png, id=62, 662.7159pt x 505.89pt>
File: imatges/p2_l150.png Graphic file (type png)
<use imatges/p2_l150.png>
Package pdftex.def Info: imatges/p2_l150.png  used on input line 187.
(pdftex.def)             Requested size: 103.50105pt x 79.00652pt.
<imatges/p10_l80.png, id=63, 578.16pt x 433.62pt>
File: imatges/p10_l80.png Graphic file (type png)
<use imatges/p10_l80.png>
Package pdftex.def Info: imatges/p10_l80.png  used on input line 191.
(pdftex.def)             Requested size: 172.5pt x 129.37242pt.
<imatges/p10_l80_separating voltage.png, id=64, 578.16pt x 433.62pt>
File: imatges/p10_l80_separating voltage.png Graphic file (type png)
<use imatges/p10_l80_separating voltage.png>
Package pdftex.def Info: imatges/p10_l80_separating voltage.png  used on input line 192.
(pdftex.def)             Requested size: 172.5pt x 129.37242pt.
 [9 <./imatges/p2_l80.png> <./imatges/p2_l100.png> <./imatges/p2_l150.png> <./imatges/p10_l80.png> <./imatges/p10_l80_separating voltage.png>]
<imatges/random_p2l80.png, id=74, 462.528pt x 346.896pt>
File: imatges/random_p2l80.png Graphic file (type png)
<use imatges/random_p2l80.png>
Package pdftex.def Info: imatges/random_p2l80.png  used on input line 206.
(pdftex.def)             Requested size: 103.50105pt x 77.62477pt.
<imatges/random_p2l100.png, id=75, 462.528pt x 346.896pt>
File: imatges/random_p2l100.png Graphic file (type png)
<use imatges/random_p2l100.png>
Package pdftex.def Info: imatges/random_p2l100.png  used on input line 207.
(pdftex.def)             Requested size: 103.50105pt x 77.62477pt.
<imatges/random_p2l150.png, id=76, 462.528pt x 346.896pt>
File: imatges/random_p2l150.png Graphic file (type png)
<use imatges/random_p2l150.png>
Package pdftex.def Info: imatges/random_p2l150.png  used on input line 208.
(pdftex.def)             Requested size: 103.50105pt x 77.62477pt.

Underfull \hbox (badness 10000) in paragraph at lines 213--219

 []

[10 <./imatges/random_p2l80.png> <./imatges/random_p2l100.png> <./imatges/random_p2l150.png>] (documentació_durant.aux)
 ***********
LaTeX2e <2023-11-01> patch level 1
L3 programming layer <2024-03-14>
 ***********


LaTeX Warning: There were multiply-defined labels.

 ) 
Here is how much of TeX's memory you used:
 4180 strings out of 474424
 75026 string characters out of 5741739
 1936496 words of memory out of 5000000
 26500 multiletter control sequences out of 15000+600000
 564705 words of font info for 59 fonts, out of 8000000 for 9000
 1141 hyphenation exceptions out of 8191
 67i,9n,77p,783b,473s stack positions out of 10000i,1000n,20000p,200000b,200000s
 <C:\Users\garri\AppData\Local\MiKTeX\fonts/pk/ljfour/jknappen/ec/dpi600\tcrm1000.pk><C:/Users/garri/AppData/Local/Programs/MiKTeX/fonts/type1/public/amsfonts/cm/cmbx10.pfb><C:/Users/garri/AppData/Local/Programs/MiKTeX/fonts/type1/public/amsfonts/cm/cmbx12.pfb><C:/Users/garri/AppData/Local/Programs/MiKTeX/fonts/type1/public/amsfonts/cm/cmbx5.pfb><C:/Users/garri/AppData/Local/Programs/MiKTeX/fonts/type1/public/amsfonts/cm/cmbx7.pfb><C:/Users/garri/AppData/Local/Programs/MiKTeX/fonts/type1/public/amsfonts/cm/cmex10.pfb><C:/Users/garri/AppData/Local/Programs/MiKTeX/fonts/type1/public/amsfonts/cm/cmmi10.pfb><C:/Users/garri/AppData/Local/Programs/MiKTeX/fonts/type1/public/amsfonts/cm/cmmi7.pfb><C:/Users/garri/AppData/Local/Programs/MiKTeX/fonts/type1/public/amsfonts/cm/cmr10.pfb><C:/Users/garri/AppData/Local/Programs/MiKTeX/fonts/type1/public/amsfonts/cm/cmr12.pfb><C:/Users/garri/AppData/Local/Programs/MiKTeX/fonts/type1/public/amsfonts/cm/cmr17.pfb><C:/Users/garri/AppData/Local/Programs/MiKTeX/fonts/type1/public/amsfonts/cm/cmr7.pfb><C:/Users/garri/AppData/Local/Programs/MiKTeX/fonts/type1/public/amsfonts/cm/cmr9.pfb><C:/Users/garri/AppData/Local/Programs/MiKTeX/fonts/type1/public/amsfonts/cm/cmsy10.pfb><C:/Users/garri/AppData/Local/Programs/MiKTeX/fonts/type1/public/amsfonts/cm/cmsy7.pfb>
Output written on documentació_durant.pdf (10 pages, 582706 bytes).
PDF statistics:
 145 PDF objects out of 1000 (max. 8388607)
 0 named destinations out of 1000 (max. 500000)
 86 words of extra memory for PDF output out of 10000 (max. 10000000)

