\BOOKMARK [1][-]{Doc-Start}{\376\377\000N\000o\000m\000e\000n\000c\000l\000a\000t\000u\000r\000e}{}% 1
\BOOKMARK [1][-]{section.1}{\376\377\000P\000r\000e\000f\000a\000c\000e}{}% 2
\BOOKMARK [1][-]{section.2}{\376\377\000I\000n\000t\000r\000o\000d\000u\000c\000t\000i\000o\000n}{}% 3
\BOOKMARK [2][-]{subsection.2.1}{\376\377\000M\000o\000t\000i\000v\000a\000t\000i\000o\000n}{section.2}% 4
\BOOKMARK [2][-]{subsection.2.2}{\376\377\000S\000c\000o\000p\000e}{section.2}% 5
\BOOKMARK [2][-]{subsection.2.3}{\376\377\000O\000b\000j\000e\000c\000t\000i\000v\000e\000s}{section.2}% 6
\BOOKMARK [2][-]{subsection.2.4}{\376\377\000O\000u\000t\000l\000i\000n\000e}{section.2}% 7
\BOOKMARK [1][-]{section.3}{\376\377\000T\000e\000c\000h\000n\000i\000c\000a\000l\000\040\000b\000a\000c\000k\000g\000r\000o\000u\000n\000d\000:\000\040\000g\000r\000i\000d\000\040\000t\000o\000\040\000s\000t\000u\000d\000y}{}% 8
\BOOKMARK [2][-]{subsection.3.1}{\376\377\000O\000f\000f\000s\000h\000o\000r\000e\000\040\000w\000i\000n\000d\000\040\000p\000o\000w\000e\000r\000\040\000p\000l\000a\000n\000t\000s}{section.3}% 9
\BOOKMARK [2][-]{subsection.3.2}{\376\377\000T\000r\000a\000n\000s\000m\000i\000s\000s\000i\000o\000n\000\040\000s\000y\000s\000t\000e\000m\000s\000\040\000a\000n\000d\000\040\000r\000e\000a\000c\000t\000i\000v\000e\000\040\000p\000o\000w\000e\000r\000\040\000c\000o\000m\000p\000e\000n\000s\000a\000t\000i\000o\000n\000\040\000p\000r\000o\000b\000l\000e\000m}{section.3}% 10
\BOOKMARK [2][-]{subsection.3.3}{\376\377\000G\000r\000i\000d\000\040\000m\000o\000d\000e\000l\000l\000i\000n\000g}{section.3}% 11
\BOOKMARK [3][-]{subsubsection.3.3.1}{\376\377\000C\000a\000b\000l\000e\000s}{subsection.3.3}% 12
\BOOKMARK [3][-]{subsubsection.3.3.2}{\376\377\000T\000r\000a\000n\000s\000f\000o\000r\000m\000e\000r\000s}{subsection.3.3}% 13
\BOOKMARK [3][-]{subsubsection.3.3.3}{\376\377\000S\000h\000u\000n\000t\000\040\000r\000e\000a\000c\000t\000o\000r\000:\000\040\000r\000e\000a\000c\000t\000i\000v\000e\000\040\000p\000o\000w\000e\000r\000\040\000c\000o\000m\000p\000e\000n\000s\000a\000t\000i\000o\000n}{subsection.3.3}% 14
\BOOKMARK [3][-]{subsubsection.3.3.4}{\376\377\000M\000a\000i\000n\000\040\000g\000r\000i\000d}{subsection.3.3}% 15
\BOOKMARK [3][-]{subsubsection.3.3.5}{\376\377\000P\000o\000w\000e\000r\000\040\000p\000l\000a\000n\000t}{subsection.3.3}% 16
\BOOKMARK [3][-]{subsubsection.3.3.6}{\376\377\000A\000d\000m\000i\000t\000t\000a\000n\000c\000e\000\040\000m\000a\000t\000r\000i\000x}{subsection.3.3}% 17
\BOOKMARK [1][-]{section.4}{\376\377\000M\000i\000n\000i\000m\000i\000z\000a\000t\000i\000o\000n\000\040\000p\000r\000o\000b\000l\000e\000m\000\040\000f\000o\000r\000m\000u\000l\000a\000t\000i\000o\000n}{}% 18
\BOOKMARK [2][-]{subsection.4.1}{\376\377\000O\000b\000j\000e\000c\000t\000i\000v\000e\000\040\000f\000u\000n\000c\000t\000i\000o\000n\000:\000\040\000m\000u\000l\000t\000i\000o\000b\000j\000e\000c\000t\000i\000v\000e\000\040\000a\000n\000d\000\040\000m\000i\000x\000e\000d\000-\000i\000n\000t\000e\000g\000e\000r}{section.4}% 19
\BOOKMARK [2][-]{subsection.4.2}{\376\377\000C\000o\000s\000t\000s\000\040\000m\000o\000d\000e\000l\000l\000i\000n\000g}{section.4}% 20
\BOOKMARK [3][-]{subsubsection.4.2.1}{\376\377\000C\000a\000b\000l\000e\000s}{subsection.4.2}% 21
\BOOKMARK [3][-]{subsubsection.4.2.2}{\376\377\000T\000r\000a\000n\000s\000f\000o\000r\000m\000e\000r\000s}{subsection.4.2}% 22
\BOOKMARK [3][-]{subsubsection.4.2.3}{\376\377\000S\000h\000u\000n\000t\000\040\000r\000e\000a\000c\000t\000o\000r}{subsection.4.2}% 23
\BOOKMARK [3][-]{subsubsection.4.2.4}{\376\377\000S\000w\000i\000t\000c\000h\000g\000e\000a\000r\000s}{subsection.4.2}% 24
\BOOKMARK [3][-]{subsubsection.4.2.5}{\376\377\000S\000u\000b\000s\000t\000a\000t\000i\000o\000n\000\040\000p\000l\000a\000t\000f\000o\000r\000m}{subsection.4.2}% 25
\BOOKMARK [2][-]{subsection.4.3}{\376\377\000C\000o\000n\000s\000t\000r\000a\000i\000n\000t\000s}{section.4}% 26
\BOOKMARK [3][-]{subsubsection.4.3.1}{\376\377\000E\000q\000u\000a\000l\000i\000t\000y\000:\000\040\000P\000o\000w\000e\000r\000\040\000F\000l\000o\000w}{subsection.4.3}% 27
\BOOKMARK [3][-]{subsubsection.4.3.2}{\376\377\000I\000n\000e\000q\000u\000a\000l\000i\000t\000y\000:\000\040\000T\000e\000c\000h\000n\000i\000c\000a\000l\000\040\000c\000o\000n\000s\000t\000r\000a\000i\000n\000t\000s}{subsection.4.3}% 28
\BOOKMARK [2][-]{subsection.4.4}{\376\377\000A\000l\000g\000o\000r\000i\000t\000h\000m\000\040\000o\000v\000e\000r\000v\000i\000e\000w}{section.4}% 29
\BOOKMARK [1][-]{section.5}{\376\377\000O\000p\000t\000i\000m\000i\000z\000a\000t\000i\000o\000n\000\040\000m\000e\000t\000h\000o\000d\000s}{}% 30
\BOOKMARK [2][-]{subsection.5.1}{\376\377\000S\000t\000a\000t\000e\000\040\000o\000f\000\040\000t\000h\000e\000\040\000a\000r\000t\000:\000\040\000i\000n\000t\000e\000r\000i\000o\000r\000\040\000p\000o\000i\000n\000t\000\040\000m\000e\000t\000h\000o\000d}{section.5}% 31
\BOOKMARK [2][-]{subsection.5.2}{\376\377\000N\000S\000G\000A\000-\000I\000I\000:\000\040\000G\000e\000n\000e\000t\000i\000c\000\040\000a\000l\000g\000o\000r\000i\000t\000h\000m}{section.5}% 32
\BOOKMARK [2][-]{subsection.5.3}{\376\377\000O\000p\000t\000i\000m\000a\000l\000\040\000P\000o\000w\000e\000r\000\040\000F\000l\000o\000w\000\040\000a\000p\000p\000r\000o\000a\000c\000h\000\040\000f\000o\000r\000\040\000c\000o\000m\000p\000e\000n\000s\000a\000t\000i\000o\000n\000\040\000s\000i\000z\000i\000n\000g}{section.5}% 33
\BOOKMARK [1][-]{section.6}{\376\377\000C\000a\000s\000e\000\040\000s\000t\000u\000d\000i\000e\000s}{}% 34
\BOOKMARK [2][-]{subsection.6.1}{\376\377\0002\0000\0000\000\040\000M\000W\000\040\000O\000W\000P\000P}{section.6}% 35
\BOOKMARK [3][-]{subsubsection.6.1.1}{\376\377\0005\0000\000k\000m}{subsection.6.1}% 36
\BOOKMARK [3][-]{subsubsection.6.1.2}{\376\377\0001\0000\0000\000k\000m}{subsection.6.1}% 37
\BOOKMARK [3][-]{subsubsection.6.1.3}{\376\377\0001\0005\0000\000k\000m}{subsection.6.1}% 38
\BOOKMARK [2][-]{subsection.6.2}{\376\377\0001\0000\0000\0000\000\040\000M\000W\000\040\000O\000W\000P\000P}{section.6}% 39
\BOOKMARK [3][-]{subsubsection.6.2.1}{\376\377\0005\0000\000k\000m}{subsection.6.2}% 40
\BOOKMARK [3][-]{subsubsection.6.2.2}{\376\377\0001\0000\0000\000k\000m}{subsection.6.2}% 41
\BOOKMARK [3][-]{subsubsection.6.2.3}{\376\377\0001\0005\0000\000k\000m}{subsection.6.2}% 42
\BOOKMARK [1][-]{section.7}{\376\377\000C\000o\000n\000c\000l\000u\000s\000i\000o\000n\000s}{}% 43
\BOOKMARK [2][-]{subsection.7.1}{\376\377\000O\000u\000t\000c\000o\000m\000e}{section.7}% 44
\BOOKMARK [2][-]{subsection.7.2}{\376\377\000F\000u\000t\000u\000r\000e\000\040\000w\000o\000r\000k}{section.7}% 45
\BOOKMARK [1][-]{section.8}{\376\377\000P\000l\000a\000n\000n\000i\000n\000g\000\040\000a\000n\000d\000\040\000v\000i\000a\000b\000i\000l\000i\000t\000y\000\040\000s\000t\000u\000d\000i\000e\000s}{}% 46
\BOOKMARK [2][-]{subsection.8.1}{\376\377\000T\000i\000m\000e\000\040\000P\000l\000a\000n\000n\000i\000n\000g}{section.8}% 47
\BOOKMARK [2][-]{subsection.8.2}{\376\377\000E\000c\000o\000n\000o\000m\000i\000c\000\040\000a\000s\000s\000e\000s\000s\000m\000e\000n\000t}{section.8}% 48
\BOOKMARK [2][-]{subsection.8.3}{\376\377\000E\000n\000v\000i\000r\000o\000n\000m\000e\000n\000t\000a\000l\000\040\000a\000s\000s\000e\000s\000s\000m\000e\000n\000t}{section.8}% 49
\BOOKMARK [2][-]{subsection.8.4}{\376\377\000S\000o\000c\000i\000a\000l\000\040\000a\000n\000d\000\040\000g\000e\000n\000d\000e\000r\000\040\000e\000q\000u\000a\000l\000i\000t\000y\000\040\000a\000s\000s\000e\000s\000s\000m\000e\000n\000t}{section.8}% 50
\BOOKMARK [1][-]{subsection.8.4}{\376\377\000A\000c\000k\000n\000o\000w\000l\000e\000d\000g\000e\000m\000e\000n\000t\000s}{}% 51
\BOOKMARK [1][-]{subsection.8.4}{\376\377\000B\000i\000b\000l\000i\000o\000g\000r\000a\000p\000h\000y}{}% 52
